  ExampleBaseScene.cpp
C:\Users\Alexander\Desktop\UOIT Game Dev\Year 1 2019-2020\Sem2\Game Dev Workshop 2\March-27-P-Body-\SpriteLib3.0-ExampleProject\ExampleBaseScene.cpp(88,68): warning C4244:  'argument': conversion from 'double' to 'int', possible loss of data
C:\Users\Alexander\Desktop\UOIT Game Dev\Year 1 2019-2020\Sem2\Game Dev Workshop 2\March-27-P-Body-\SpriteLib3.0-ExampleProject\ExampleBaseScene.cpp(88,60): warning C4244:  'argument': conversion from 'double' to 'int', possible loss of data
C:\Users\Alexander\Desktop\UOIT Game Dev\Year 1 2019-2020\Sem2\Game Dev Workshop 2\March-27-P-Body-\SpriteLib3.0-ExampleProject\ExampleBaseScene.cpp(110,38): warning C4312:  'type cast': conversion from 'unsigned int' to 'void *' of greater size
C:\Users\Alexander\Desktop\UOIT Game Dev\Year 1 2019-2020\Sem2\Game Dev Workshop 2\March-27-P-Body-\SpriteLib3.0-ExampleProject\ExampleBaseScene.cpp(154,38): warning C4312:  'type cast': conversion from 'unsigned int' to 'void *' of greater size
C:\Users\Alexander\Desktop\UOIT Game Dev\Year 1 2019-2020\Sem2\Game Dev Workshop 2\March-27-P-Body-\SpriteLib3.0-ExampleProject\ExampleBaseScene.cpp(178,82): warning C4244:  'argument': conversion from 'double' to 'int', possible loss of data
C:\Users\Alexander\Desktop\UOIT Game Dev\Year 1 2019-2020\Sem2\Game Dev Workshop 2\March-27-P-Body-\SpriteLib3.0-ExampleProject\ExampleBaseScene.cpp(178,72): warning C4244:  'argument': conversion from 'double' to 'int', possible loss of data
C:\Users\Alexander\Desktop\UOIT Game Dev\Year 1 2019-2020\Sem2\Game Dev Workshop 2\March-27-P-Body-\SpriteLib3.0-ExampleProject\ExampleBaseScene.cpp(199,84): warning C4244:  'argument': conversion from 'double' to 'int', possible loss of data
C:\Users\Alexander\Desktop\UOIT Game Dev\Year 1 2019-2020\Sem2\Game Dev Workshop 2\March-27-P-Body-\SpriteLib3.0-ExampleProject\ExampleBaseScene.cpp(199,73): warning C4244:  'argument': conversion from 'double' to 'int', possible loss of data
C:\Users\Alexander\Desktop\UOIT Game Dev\Year 1 2019-2020\Sem2\Game Dev Workshop 2\March-27-P-Body-\SpriteLib3.0-ExampleProject\ExampleBaseScene.cpp(254,73): warning C4244:  'argument': conversion from 'double' to 'int', possible loss of data
C:\Users\Alexander\Desktop\UOIT Game Dev\Year 1 2019-2020\Sem2\Game Dev Workshop 2\March-27-P-Body-\SpriteLib3.0-ExampleProject\ExampleBaseScene.cpp(254,63): warning C4244:  'argument': conversion from 'double' to 'int', possible loss of data
C:\Users\Alexander\Desktop\UOIT Game Dev\Year 1 2019-2020\Sem2\Game Dev Workshop 2\March-27-P-Body-\SpriteLib3.0-ExampleProject\ExampleBaseScene.cpp(409,38): warning C4312:  'type cast': conversion from 'unsigned int' to 'void *' of greater size
C:\Users\Alexander\Desktop\UOIT Game Dev\Year 1 2019-2020\Sem2\Game Dev Workshop 2\March-27-P-Body-\SpriteLib3.0-ExampleProject\ExampleBaseScene.cpp(449,38): warning C4312:  'type cast': conversion from 'unsigned int' to 'void *' of greater size
C:\Users\Alexander\Desktop\UOIT Game Dev\Year 1 2019-2020\Sem2\Game Dev Workshop 2\March-27-P-Body-\SpriteLib3.0-ExampleProject\ExampleBaseScene.cpp(496,40): warning C4312:  'type cast': conversion from 'unsigned int' to 'void *' of greater size
C:\Users\Alexander\Desktop\UOIT Game Dev\Year 1 2019-2020\Sem2\Game Dev Workshop 2\March-27-P-Body-\SpriteLib3.0-ExampleProject\ExampleBaseScene.cpp(538,38): warning C4312:  'type cast': conversion from 'unsigned int' to 'void *' of greater size
C:\Users\Alexander\Desktop\UOIT Game Dev\Year 1 2019-2020\Sem2\Game Dev Workshop 2\March-27-P-Body-\SpriteLib3.0-ExampleProject\ExampleBaseScene.cpp(578,39): warning C4312:  'type cast': conversion from 'unsigned int' to 'void *' of greater size
C:\Users\Alexander\Desktop\UOIT Game Dev\Year 1 2019-2020\Sem2\Game Dev Workshop 2\March-27-P-Body-\SpriteLib3.0-ExampleProject\ExampleBaseScene.cpp(618,39): warning C4312:  'type cast': conversion from 'unsigned int' to 'void *' of greater size
C:\Users\Alexander\Desktop\UOIT Game Dev\Year 1 2019-2020\Sem2\Game Dev Workshop 2\March-27-P-Body-\SpriteLib3.0-ExampleProject\ExampleBaseScene.cpp(658,39): warning C4312:  'type cast': conversion from 'unsigned int' to 'void *' of greater size
C:\Users\Alexander\Desktop\UOIT Game Dev\Year 1 2019-2020\Sem2\Game Dev Workshop 2\March-27-P-Body-\SpriteLib3.0-ExampleProject\ExampleBaseScene.cpp(698,39): warning C4312:  'type cast': conversion from 'unsigned int' to 'void *' of greater size
C:\Users\Alexander\Desktop\UOIT Game Dev\Year 1 2019-2020\Sem2\Game Dev Workshop 2\March-27-P-Body-\SpriteLib3.0-ExampleProject\ExampleBaseScene.cpp(738,39): warning C4312:  'type cast': conversion from 'unsigned int' to 'void *' of greater size
C:\Users\Alexander\Desktop\UOIT Game Dev\Year 1 2019-2020\Sem2\Game Dev Workshop 2\March-27-P-Body-\SpriteLib3.0-ExampleProject\ExampleBaseScene.cpp(778,39): warning C4312:  'type cast': conversion from 'unsigned int' to 'void *' of greater size
C:\Users\Alexander\Desktop\UOIT Game Dev\Year 1 2019-2020\Sem2\Game Dev Workshop 2\March-27-P-Body-\SpriteLib3.0-ExampleProject\ExampleBaseScene.cpp(818,39): warning C4312:  'type cast': conversion from 'unsigned int' to 'void *' of greater size
C:\Users\Alexander\Desktop\UOIT Game Dev\Year 1 2019-2020\Sem2\Game Dev Workshop 2\March-27-P-Body-\SpriteLib3.0-ExampleProject\ExampleBaseScene.cpp(858,39): warning C4312:  'type cast': conversion from 'unsigned int' to 'void *' of greater size
C:\Users\Alexander\Desktop\UOIT Game Dev\Year 1 2019-2020\Sem2\Game Dev Workshop 2\March-27-P-Body-\SpriteLib3.0-ExampleProject\ExampleBaseScene.cpp(882,59): warning C4244:  'argument': conversion from 'double' to 'int', possible loss of data
C:\Users\Alexander\Desktop\UOIT Game Dev\Year 1 2019-2020\Sem2\Game Dev Workshop 2\March-27-P-Body-\SpriteLib3.0-ExampleProject\ExampleBaseScene.cpp(898,39): warning C4312:  'type cast': conversion from 'unsigned int' to 'void *' of greater size
C:\Users\Alexander\Desktop\UOIT Game Dev\Year 1 2019-2020\Sem2\Game Dev Workshop 2\March-27-P-Body-\SpriteLib3.0-ExampleProject\ExampleBaseScene.cpp(938,39): warning C4312:  'type cast': conversion from 'unsigned int' to 'void *' of greater size
C:\Users\Alexander\Desktop\UOIT Game Dev\Year 1 2019-2020\Sem2\Game Dev Workshop 2\March-27-P-Body-\SpriteLib3.0-ExampleProject\ExampleBaseScene.cpp(962,59): warning C4244:  'argument': conversion from 'double' to 'int', possible loss of data
C:\Users\Alexander\Desktop\UOIT Game Dev\Year 1 2019-2020\Sem2\Game Dev Workshop 2\March-27-P-Body-\SpriteLib3.0-ExampleProject\ExampleBaseScene.cpp(978,39): warning C4312:  'type cast': conversion from 'unsigned int' to 'void *' of greater size
C:\Users\Alexander\Desktop\UOIT Game Dev\Year 1 2019-2020\Sem2\Game Dev Workshop 2\March-27-P-Body-\SpriteLib3.0-ExampleProject\ExampleBaseScene.cpp(1018,39): warning C4312:  'type cast': conversion from 'unsigned int' to 'void *' of greater size
C:\Users\Alexander\Desktop\UOIT Game Dev\Year 1 2019-2020\Sem2\Game Dev Workshop 2\March-27-P-Body-\SpriteLib3.0-ExampleProject\ExampleBaseScene.cpp(1058,39): warning C4312:  'type cast': conversion from 'unsigned int' to 'void *' of greater size
C:\Users\Alexander\Desktop\UOIT Game Dev\Year 1 2019-2020\Sem2\Game Dev Workshop 2\March-27-P-Body-\SpriteLib3.0-ExampleProject\ExampleBaseScene.cpp(1098,39): warning C4312:  'type cast': conversion from 'unsigned int' to 'void *' of greater size
C:\Users\Alexander\Desktop\UOIT Game Dev\Year 1 2019-2020\Sem2\Game Dev Workshop 2\March-27-P-Body-\SpriteLib3.0-ExampleProject\ExampleBaseScene.cpp(1138,39): warning C4312:  'type cast': conversion from 'unsigned int' to 'void *' of greater size
C:\Users\Alexander\Desktop\UOIT Game Dev\Year 1 2019-2020\Sem2\Game Dev Workshop 2\March-27-P-Body-\SpriteLib3.0-ExampleProject\ExampleBaseScene.cpp(1178,39): warning C4312:  'type cast': conversion from 'unsigned int' to 'void *' of greater size
C:\Users\Alexander\Desktop\UOIT Game Dev\Year 1 2019-2020\Sem2\Game Dev Workshop 2\March-27-P-Body-\SpriteLib3.0-ExampleProject\ExampleBaseScene.cpp(1202,65): warning C4244:  'argument': conversion from 'double' to 'int', possible loss of data
C:\Users\Alexander\Desktop\UOIT Game Dev\Year 1 2019-2020\Sem2\Game Dev Workshop 2\March-27-P-Body-\SpriteLib3.0-ExampleProject\ExampleBaseScene.cpp(1202,59): warning C4244:  'argument': conversion from 'double' to 'int', possible loss of data
C:\Users\Alexander\Desktop\UOIT Game Dev\Year 1 2019-2020\Sem2\Game Dev Workshop 2\March-27-P-Body-\SpriteLib3.0-ExampleProject\ExampleBaseScene.cpp(1218,39): warning C4312:  'type cast': conversion from 'unsigned int' to 'void *' of greater size
C:\Users\Alexander\Desktop\UOIT Game Dev\Year 1 2019-2020\Sem2\Game Dev Workshop 2\March-27-P-Body-\SpriteLib3.0-ExampleProject\ExampleBaseScene.cpp(1258,39): warning C4312:  'type cast': conversion from 'unsigned int' to 'void *' of greater size
C:\Users\Alexander\Desktop\UOIT Game Dev\Year 1 2019-2020\Sem2\Game Dev Workshop 2\March-27-P-Body-\SpriteLib3.0-ExampleProject\ExampleBaseScene.cpp(1282,65): warning C4244:  'argument': conversion from 'double' to 'int', possible loss of data
C:\Users\Alexander\Desktop\UOIT Game Dev\Year 1 2019-2020\Sem2\Game Dev Workshop 2\March-27-P-Body-\SpriteLib3.0-ExampleProject\ExampleBaseScene.cpp(1282,59): warning C4244:  'argument': conversion from 'double' to 'int', possible loss of data
C:\Users\Alexander\Desktop\UOIT Game Dev\Year 1 2019-2020\Sem2\Game Dev Workshop 2\March-27-P-Body-\SpriteLib3.0-ExampleProject\ExampleBaseScene.cpp(1298,39): warning C4312:  'type cast': conversion from 'unsigned int' to 'void *' of greater size
C:\Users\Alexander\Desktop\UOIT Game Dev\Year 1 2019-2020\Sem2\Game Dev Workshop 2\March-27-P-Body-\SpriteLib3.0-ExampleProject\ExampleBaseScene.cpp(1338,39): warning C4312:  'type cast': conversion from 'unsigned int' to 'void *' of greater size
C:\Users\Alexander\Desktop\UOIT Game Dev\Year 1 2019-2020\Sem2\Game Dev Workshop 2\March-27-P-Body-\SpriteLib3.0-ExampleProject\ExampleBaseScene.cpp(1362,65): warning C4244:  'argument': conversion from 'double' to 'int', possible loss of data
C:\Users\Alexander\Desktop\UOIT Game Dev\Year 1 2019-2020\Sem2\Game Dev Workshop 2\March-27-P-Body-\SpriteLib3.0-ExampleProject\ExampleBaseScene.cpp(1362,59): warning C4244:  'argument': conversion from 'double' to 'int', possible loss of data
C:\Users\Alexander\Desktop\UOIT Game Dev\Year 1 2019-2020\Sem2\Game Dev Workshop 2\March-27-P-Body-\SpriteLib3.0-ExampleProject\ExampleBaseScene.cpp(1378,39): warning C4312:  'type cast': conversion from 'unsigned int' to 'void *' of greater size
C:\Users\Alexander\Desktop\UOIT Game Dev\Year 1 2019-2020\Sem2\Game Dev Workshop 2\March-27-P-Body-\SpriteLib3.0-ExampleProject\ExampleBaseScene.cpp(1418,39): warning C4312:  'type cast': conversion from 'unsigned int' to 'void *' of greater size
C:\Users\Alexander\Desktop\UOIT Game Dev\Year 1 2019-2020\Sem2\Game Dev Workshop 2\March-27-P-Body-\SpriteLib3.0-ExampleProject\ExampleBaseScene.cpp(1458,39): warning C4312:  'type cast': conversion from 'unsigned int' to 'void *' of greater size
C:\Users\Alexander\Desktop\UOIT Game Dev\Year 1 2019-2020\Sem2\Game Dev Workshop 2\March-27-P-Body-\SpriteLib3.0-ExampleProject\ExampleBaseScene.cpp(1498,39): warning C4312:  'type cast': conversion from 'unsigned int' to 'void *' of greater size
C:\Users\Alexander\Desktop\UOIT Game Dev\Year 1 2019-2020\Sem2\Game Dev Workshop 2\March-27-P-Body-\SpriteLib3.0-ExampleProject\ExampleBaseScene.cpp(1522,59): warning C4244:  'argument': conversion from 'double' to 'int', possible loss of data
C:\Users\Alexander\Desktop\UOIT Game Dev\Year 1 2019-2020\Sem2\Game Dev Workshop 2\March-27-P-Body-\SpriteLib3.0-ExampleProject\ExampleBaseScene.cpp(1538,39): warning C4312:  'type cast': conversion from 'unsigned int' to 'void *' of greater size
C:\Users\Alexander\Desktop\UOIT Game Dev\Year 1 2019-2020\Sem2\Game Dev Workshop 2\March-27-P-Body-\SpriteLib3.0-ExampleProject\ExampleBaseScene.cpp(1578,39): warning C4312:  'type cast': conversion from 'unsigned int' to 'void *' of greater size
C:\Users\Alexander\Desktop\UOIT Game Dev\Year 1 2019-2020\Sem2\Game Dev Workshop 2\March-27-P-Body-\SpriteLib3.0-ExampleProject\ExampleBaseScene.cpp(1602,59): warning C4244:  'argument': conversion from 'double' to 'int', possible loss of data
C:\Users\Alexander\Desktop\UOIT Game Dev\Year 1 2019-2020\Sem2\Game Dev Workshop 2\March-27-P-Body-\SpriteLib3.0-ExampleProject\ExampleBaseScene.cpp(1618,39): warning C4312:  'type cast': conversion from 'unsigned int' to 'void *' of greater size
C:\Users\Alexander\Desktop\UOIT Game Dev\Year 1 2019-2020\Sem2\Game Dev Workshop 2\March-27-P-Body-\SpriteLib3.0-ExampleProject\ExampleBaseScene.cpp(1642,59): warning C4244:  'argument': conversion from 'double' to 'int', possible loss of data
C:\Users\Alexander\Desktop\UOIT Game Dev\Year 1 2019-2020\Sem2\Game Dev Workshop 2\March-27-P-Body-\SpriteLib3.0-ExampleProject\ExampleBaseScene.cpp(1658,39): warning C4312:  'type cast': conversion from 'unsigned int' to 'void *' of greater size
C:\Users\Alexander\Desktop\UOIT Game Dev\Year 1 2019-2020\Sem2\Game Dev Workshop 2\March-27-P-Body-\SpriteLib3.0-ExampleProject\ExampleBaseScene.cpp(1682,59): warning C4244:  'argument': conversion from 'double' to 'int', possible loss of data
C:\Users\Alexander\Desktop\UOIT Game Dev\Year 1 2019-2020\Sem2\Game Dev Workshop 2\March-27-P-Body-\SpriteLib3.0-ExampleProject\ExampleBaseScene.cpp(1698,39): warning C4312:  'type cast': conversion from 'unsigned int' to 'void *' of greater size
C:\Users\Alexander\Desktop\UOIT Game Dev\Year 1 2019-2020\Sem2\Game Dev Workshop 2\March-27-P-Body-\SpriteLib3.0-ExampleProject\ExampleBaseScene.cpp(1723,59): warning C4244:  'argument': conversion from 'double' to 'int', possible loss of data
C:\Users\Alexander\Desktop\UOIT Game Dev\Year 1 2019-2020\Sem2\Game Dev Workshop 2\March-27-P-Body-\SpriteLib3.0-ExampleProject\ExampleBaseScene.cpp(1739,39): warning C4312:  'type cast': conversion from 'unsigned int' to 'void *' of greater size
C:\Users\Alexander\Desktop\UOIT Game Dev\Year 1 2019-2020\Sem2\Game Dev Workshop 2\March-27-P-Body-\SpriteLib3.0-ExampleProject\ExampleBaseScene.cpp(1763,65): warning C4244:  'argument': conversion from 'double' to 'int', possible loss of data
C:\Users\Alexander\Desktop\UOIT Game Dev\Year 1 2019-2020\Sem2\Game Dev Workshop 2\March-27-P-Body-\SpriteLib3.0-ExampleProject\ExampleBaseScene.cpp(1763,59): warning C4244:  'argument': conversion from 'double' to 'int', possible loss of data
C:\Users\Alexander\Desktop\UOIT Game Dev\Year 1 2019-2020\Sem2\Game Dev Workshop 2\March-27-P-Body-\SpriteLib3.0-ExampleProject\ExampleBaseScene.cpp(1779,39): warning C4312:  'type cast': conversion from 'unsigned int' to 'void *' of greater size
C:\Users\Alexander\Desktop\UOIT Game Dev\Year 1 2019-2020\Sem2\Game Dev Workshop 2\March-27-P-Body-\SpriteLib3.0-ExampleProject\ExampleBaseScene.cpp(1819,39): warning C4312:  'type cast': conversion from 'unsigned int' to 'void *' of greater size
C:\Users\Alexander\Desktop\UOIT Game Dev\Year 1 2019-2020\Sem2\Game Dev Workshop 2\March-27-P-Body-\SpriteLib3.0-ExampleProject\ExampleBaseScene.cpp(1859,39): warning C4312:  'type cast': conversion from 'unsigned int' to 'void *' of greater size
C:\Users\Alexander\Desktop\UOIT Game Dev\Year 1 2019-2020\Sem2\Game Dev Workshop 2\March-27-P-Body-\SpriteLib3.0-ExampleProject\ExampleBaseScene.cpp(1899,39): warning C4312:  'type cast': conversion from 'unsigned int' to 'void *' of greater size
C:\Users\Alexander\Desktop\UOIT Game Dev\Year 1 2019-2020\Sem2\Game Dev Workshop 2\March-27-P-Body-\SpriteLib3.0-ExampleProject\ExampleBaseScene.cpp(1939,39): warning C4312:  'type cast': conversion from 'unsigned int' to 'void *' of greater size
C:\Users\Alexander\Desktop\UOIT Game Dev\Year 1 2019-2020\Sem2\Game Dev Workshop 2\March-27-P-Body-\SpriteLib3.0-ExampleProject\ExampleBaseScene.cpp(1979,39): warning C4312:  'type cast': conversion from 'unsigned int' to 'void *' of greater size
C:\Users\Alexander\Desktop\UOIT Game Dev\Year 1 2019-2020\Sem2\Game Dev Workshop 2\March-27-P-Body-\SpriteLib3.0-ExampleProject\ExampleBaseScene.cpp(2018,39): warning C4312:  'type cast': conversion from 'unsigned int' to 'void *' of greater size
C:\Users\Alexander\Desktop\UOIT Game Dev\Year 1 2019-2020\Sem2\Game Dev Workshop 2\March-27-P-Body-\SpriteLib3.0-ExampleProject\ExampleBaseScene.cpp(2058,39): warning C4312:  'type cast': conversion from 'unsigned int' to 'void *' of greater size
C:\Users\Alexander\Desktop\UOIT Game Dev\Year 1 2019-2020\Sem2\Game Dev Workshop 2\March-27-P-Body-\SpriteLib3.0-ExampleProject\ExampleBaseScene.cpp(2098,39): warning C4312:  'type cast': conversion from 'unsigned int' to 'void *' of greater size
C:\Users\Alexander\Desktop\UOIT Game Dev\Year 1 2019-2020\Sem2\Game Dev Workshop 2\March-27-P-Body-\SpriteLib3.0-ExampleProject\ExampleBaseScene.cpp(2138,39): warning C4312:  'type cast': conversion from 'unsigned int' to 'void *' of greater size
C:\Users\Alexander\Desktop\UOIT Game Dev\Year 1 2019-2020\Sem2\Game Dev Workshop 2\March-27-P-Body-\SpriteLib3.0-ExampleProject\ExampleBaseScene.cpp(2178,39): warning C4312:  'type cast': conversion from 'unsigned int' to 'void *' of greater size
C:\Users\Alexander\Desktop\UOIT Game Dev\Year 1 2019-2020\Sem2\Game Dev Workshop 2\March-27-P-Body-\SpriteLib3.0-ExampleProject\ExampleBaseScene.cpp(2218,39): warning C4312:  'type cast': conversion from 'unsigned int' to 'void *' of greater size
C:\Users\Alexander\Desktop\UOIT Game Dev\Year 1 2019-2020\Sem2\Game Dev Workshop 2\March-27-P-Body-\SpriteLib3.0-ExampleProject\ExampleBaseScene.cpp(2242,63): warning C4244:  'argument': conversion from 'double' to 'int', possible loss of data
C:\Users\Alexander\Desktop\UOIT Game Dev\Year 1 2019-2020\Sem2\Game Dev Workshop 2\March-27-P-Body-\SpriteLib3.0-ExampleProject\ExampleBaseScene.cpp(2258,39): warning C4312:  'type cast': conversion from 'unsigned int' to 'void *' of greater size
C:\Users\Alexander\Desktop\UOIT Game Dev\Year 1 2019-2020\Sem2\Game Dev Workshop 2\March-27-P-Body-\SpriteLib3.0-ExampleProject\ExampleBaseScene.cpp(2282,63): warning C4244:  'argument': conversion from 'double' to 'int', possible loss of data
C:\Users\Alexander\Desktop\UOIT Game Dev\Year 1 2019-2020\Sem2\Game Dev Workshop 2\March-27-P-Body-\SpriteLib3.0-ExampleProject\ExampleBaseScene.cpp(2298,39): warning C4312:  'type cast': conversion from 'unsigned int' to 'void *' of greater size
C:\Users\Alexander\Desktop\UOIT Game Dev\Year 1 2019-2020\Sem2\Game Dev Workshop 2\March-27-P-Body-\SpriteLib3.0-ExampleProject\ExampleBaseScene.cpp(2322,63): warning C4244:  'argument': conversion from 'double' to 'int', possible loss of data
C:\Users\Alexander\Desktop\UOIT Game Dev\Year 1 2019-2020\Sem2\Game Dev Workshop 2\March-27-P-Body-\SpriteLib3.0-ExampleProject\ExampleBaseScene.cpp(2338,39): warning C4312:  'type cast': conversion from 'unsigned int' to 'void *' of greater size
C:\Users\Alexander\Desktop\UOIT Game Dev\Year 1 2019-2020\Sem2\Game Dev Workshop 2\March-27-P-Body-\SpriteLib3.0-ExampleProject\ExampleBaseScene.cpp(2362,63): warning C4244:  'argument': conversion from 'double' to 'int', possible loss of data
C:\Users\Alexander\Desktop\UOIT Game Dev\Year 1 2019-2020\Sem2\Game Dev Workshop 2\March-27-P-Body-\SpriteLib3.0-ExampleProject\ExampleBaseScene.cpp(2378,39): warning C4312:  'type cast': conversion from 'unsigned int' to 'void *' of greater size
C:\Users\Alexander\Desktop\UOIT Game Dev\Year 1 2019-2020\Sem2\Game Dev Workshop 2\March-27-P-Body-\SpriteLib3.0-ExampleProject\ExampleBaseScene.cpp(2419,39): warning C4312:  'type cast': conversion from 'unsigned int' to 'void *' of greater size
C:\Users\Alexander\Desktop\UOIT Game Dev\Year 1 2019-2020\Sem2\Game Dev Workshop 2\March-27-P-Body-\SpriteLib3.0-ExampleProject\ExampleBaseScene.cpp(2459,39): warning C4312:  'type cast': conversion from 'unsigned int' to 'void *' of greater size
C:\Users\Alexander\Desktop\UOIT Game Dev\Year 1 2019-2020\Sem2\Game Dev Workshop 2\March-27-P-Body-\SpriteLib3.0-ExampleProject\ExampleBaseScene.cpp(2499,39): warning C4312:  'type cast': conversion from 'unsigned int' to 'void *' of greater size
C:\Users\Alexander\Desktop\UOIT Game Dev\Year 1 2019-2020\Sem2\Game Dev Workshop 2\March-27-P-Body-\SpriteLib3.0-ExampleProject\ExampleBaseScene.cpp(2539,39): warning C4312:  'type cast': conversion from 'unsigned int' to 'void *' of greater size
C:\Users\Alexander\Desktop\UOIT Game Dev\Year 1 2019-2020\Sem2\Game Dev Workshop 2\March-27-P-Body-\SpriteLib3.0-ExampleProject\ExampleBaseScene.cpp(2580,39): warning C4312:  'type cast': conversion from 'unsigned int' to 'void *' of greater size
C:\Users\Alexander\Desktop\UOIT Game Dev\Year 1 2019-2020\Sem2\Game Dev Workshop 2\March-27-P-Body-\SpriteLib3.0-ExampleProject\ExampleBaseScene.cpp(2620,39): warning C4312:  'type cast': conversion from 'unsigned int' to 'void *' of greater size
C:\Users\Alexander\Desktop\UOIT Game Dev\Year 1 2019-2020\Sem2\Game Dev Workshop 2\March-27-P-Body-\SpriteLib3.0-ExampleProject\ExampleBaseScene.cpp(2661,39): warning C4312:  'type cast': conversion from 'unsigned int' to 'void *' of greater size
C:\Users\Alexander\Desktop\UOIT Game Dev\Year 1 2019-2020\Sem2\Game Dev Workshop 2\March-27-P-Body-\SpriteLib3.0-ExampleProject\ExampleBaseScene.cpp(2701,39): warning C4312:  'type cast': conversion from 'unsigned int' to 'void *' of greater size
C:\Users\Alexander\Desktop\UOIT Game Dev\Year 1 2019-2020\Sem2\Game Dev Workshop 2\March-27-P-Body-\SpriteLib3.0-ExampleProject\ExampleBaseScene.cpp(2741,39): warning C4312:  'type cast': conversion from 'unsigned int' to 'void *' of greater size
C:\Users\Alexander\Desktop\UOIT Game Dev\Year 1 2019-2020\Sem2\Game Dev Workshop 2\March-27-P-Body-\SpriteLib3.0-ExampleProject\ExampleBaseScene.cpp(2781,39): warning C4312:  'type cast': conversion from 'unsigned int' to 'void *' of greater size
C:\Users\Alexander\Desktop\UOIT Game Dev\Year 1 2019-2020\Sem2\Game Dev Workshop 2\March-27-P-Body-\SpriteLib3.0-ExampleProject\ExampleBaseScene.cpp(2821,39): warning C4312:  'type cast': conversion from 'unsigned int' to 'void *' of greater size
C:\Users\Alexander\Desktop\UOIT Game Dev\Year 1 2019-2020\Sem2\Game Dev Workshop 2\March-27-P-Body-\SpriteLib3.0-ExampleProject\ExampleBaseScene.cpp(2861,39): warning C4312:  'type cast': conversion from 'unsigned int' to 'void *' of greater size
C:\Users\Alexander\Desktop\UOIT Game Dev\Year 1 2019-2020\Sem2\Game Dev Workshop 2\March-27-P-Body-\SpriteLib3.0-ExampleProject\ExampleBaseScene.cpp(2901,39): warning C4312:  'type cast': conversion from 'unsigned int' to 'void *' of greater size
C:\Users\Alexander\Desktop\UOIT Game Dev\Year 1 2019-2020\Sem2\Game Dev Workshop 2\March-27-P-Body-\SpriteLib3.0-ExampleProject\ExampleBaseScene.cpp(2941,39): warning C4312:  'type cast': conversion from 'unsigned int' to 'void *' of greater size
C:\Users\Alexander\Desktop\UOIT Game Dev\Year 1 2019-2020\Sem2\Game Dev Workshop 2\March-27-P-Body-\SpriteLib3.0-ExampleProject\ExampleBaseScene.cpp(2981,39): warning C4312:  'type cast': conversion from 'unsigned int' to 'void *' of greater size
C:\Users\Alexander\Desktop\UOIT Game Dev\Year 1 2019-2020\Sem2\Game Dev Workshop 2\March-27-P-Body-\SpriteLib3.0-ExampleProject\ExampleBaseScene.cpp(3021,39): warning C4312:  'type cast': conversion from 'unsigned int' to 'void *' of greater size
C:\Users\Alexander\Desktop\UOIT Game Dev\Year 1 2019-2020\Sem2\Game Dev Workshop 2\March-27-P-Body-\SpriteLib3.0-ExampleProject\ExampleBaseScene.cpp(3061,39): warning C4312:  'type cast': conversion from 'unsigned int' to 'void *' of greater size
C:\Users\Alexander\Desktop\UOIT Game Dev\Year 1 2019-2020\Sem2\Game Dev Workshop 2\March-27-P-Body-\SpriteLib3.0-ExampleProject\ExampleBaseScene.cpp(3101,39): warning C4312:  'type cast': conversion from 'unsigned int' to 'void *' of greater size
C:\Users\Alexander\Desktop\UOIT Game Dev\Year 1 2019-2020\Sem2\Game Dev Workshop 2\March-27-P-Body-\SpriteLib3.0-ExampleProject\ExampleBaseScene.cpp(3141,39): warning C4312:  'type cast': conversion from 'unsigned int' to 'void *' of greater size
C:\Users\Alexander\Desktop\UOIT Game Dev\Year 1 2019-2020\Sem2\Game Dev Workshop 2\March-27-P-Body-\SpriteLib3.0-ExampleProject\ExampleBaseScene.cpp(3180,39): warning C4312:  'type cast': conversion from 'unsigned int' to 'void *' of greater size
C:\Users\Alexander\Desktop\UOIT Game Dev\Year 1 2019-2020\Sem2\Game Dev Workshop 2\March-27-P-Body-\SpriteLib3.0-ExampleProject\ExampleBaseScene.cpp(3220,39): warning C4312:  'type cast': conversion from 'unsigned int' to 'void *' of greater size
C:\Users\Alexander\Desktop\UOIT Game Dev\Year 1 2019-2020\Sem2\Game Dev Workshop 2\March-27-P-Body-\SpriteLib3.0-ExampleProject\ExampleBaseScene.cpp(3260,39): warning C4312:  'type cast': conversion from 'unsigned int' to 'void *' of greater size
C:\Users\Alexander\Desktop\UOIT Game Dev\Year 1 2019-2020\Sem2\Game Dev Workshop 2\March-27-P-Body-\SpriteLib3.0-ExampleProject\ExampleBaseScene.cpp(3300,39): warning C4312:  'type cast': conversion from 'unsigned int' to 'void *' of greater size
C:\Users\Alexander\Desktop\UOIT Game Dev\Year 1 2019-2020\Sem2\Game Dev Workshop 2\March-27-P-Body-\SpriteLib3.0-ExampleProject\ExampleBaseScene.cpp(3340,39): warning C4312:  'type cast': conversion from 'unsigned int' to 'void *' of greater size
C:\Users\Alexander\Desktop\UOIT Game Dev\Year 1 2019-2020\Sem2\Game Dev Workshop 2\March-27-P-Body-\SpriteLib3.0-ExampleProject\ExampleBaseScene.cpp(3380,39): warning C4312:  'type cast': conversion from 'unsigned int' to 'void *' of greater size
C:\Users\Alexander\Desktop\UOIT Game Dev\Year 1 2019-2020\Sem2\Game Dev Workshop 2\March-27-P-Body-\SpriteLib3.0-ExampleProject\ExampleBaseScene.cpp(3420,39): warning C4312:  'type cast': conversion from 'unsigned int' to 'void *' of greater size
C:\Users\Alexander\Desktop\UOIT Game Dev\Year 1 2019-2020\Sem2\Game Dev Workshop 2\March-27-P-Body-\SpriteLib3.0-ExampleProject\ExampleBaseScene.cpp(3460,39): warning C4312:  'type cast': conversion from 'unsigned int' to 'void *' of greater size
C:\Users\Alexander\Desktop\UOIT Game Dev\Year 1 2019-2020\Sem2\Game Dev Workshop 2\March-27-P-Body-\SpriteLib3.0-ExampleProject\ExampleBaseScene.cpp(3500,39): warning C4312:  'type cast': conversion from 'unsigned int' to 'void *' of greater size
C:\Users\Alexander\Desktop\UOIT Game Dev\Year 1 2019-2020\Sem2\Game Dev Workshop 2\March-27-P-Body-\SpriteLib3.0-ExampleProject\ExampleBaseScene.cpp(3540,39): warning C4312:  'type cast': conversion from 'unsigned int' to 'void *' of greater size
C:\Users\Alexander\Desktop\UOIT Game Dev\Year 1 2019-2020\Sem2\Game Dev Workshop 2\March-27-P-Body-\SpriteLib3.0-ExampleProject\ExampleBaseScene.cpp(3580,39): warning C4312:  'type cast': conversion from 'unsigned int' to 'void *' of greater size
C:\Users\Alexander\Desktop\UOIT Game Dev\Year 1 2019-2020\Sem2\Game Dev Workshop 2\March-27-P-Body-\SpriteLib3.0-ExampleProject\ExampleBaseScene.cpp(3620,39): warning C4312:  'type cast': conversion from 'unsigned int' to 'void *' of greater size
C:\Users\Alexander\Desktop\UOIT Game Dev\Year 1 2019-2020\Sem2\Game Dev Workshop 2\March-27-P-Body-\SpriteLib3.0-ExampleProject\ExampleBaseScene.cpp(3660,39): warning C4312:  'type cast': conversion from 'unsigned int' to 'void *' of greater size
C:\Users\Alexander\Desktop\UOIT Game Dev\Year 1 2019-2020\Sem2\Game Dev Workshop 2\March-27-P-Body-\SpriteLib3.0-ExampleProject\ExampleBaseScene.cpp(3700,39): warning C4312:  'type cast': conversion from 'unsigned int' to 'void *' of greater size
C:\Users\Alexander\Desktop\UOIT Game Dev\Year 1 2019-2020\Sem2\Game Dev Workshop 2\March-27-P-Body-\SpriteLib3.0-ExampleProject\ExampleBaseScene.cpp(3740,39): warning C4312:  'type cast': conversion from 'unsigned int' to 'void *' of greater size
C:\Users\Alexander\Desktop\UOIT Game Dev\Year 1 2019-2020\Sem2\Game Dev Workshop 2\March-27-P-Body-\SpriteLib3.0-ExampleProject\ExampleBaseScene.cpp(3780,39): warning C4312:  'type cast': conversion from 'unsigned int' to 'void *' of greater size
C:\Users\Alexander\Desktop\UOIT Game Dev\Year 1 2019-2020\Sem2\Game Dev Workshop 2\March-27-P-Body-\SpriteLib3.0-ExampleProject\ExampleBaseScene.cpp(3820,39): warning C4312:  'type cast': conversion from 'unsigned int' to 'void *' of greater size
C:\Users\Alexander\Desktop\UOIT Game Dev\Year 1 2019-2020\Sem2\Game Dev Workshop 2\March-27-P-Body-\SpriteLib3.0-ExampleProject\ExampleBaseScene.cpp(3860,39): warning C4312:  'type cast': conversion from 'unsigned int' to 'void *' of greater size
C:\Users\Alexander\Desktop\UOIT Game Dev\Year 1 2019-2020\Sem2\Game Dev Workshop 2\March-27-P-Body-\SpriteLib3.0-ExampleProject\ExampleBaseScene.cpp(3900,39): warning C4312:  'type cast': conversion from 'unsigned int' to 'void *' of greater size
C:\Users\Alexander\Desktop\UOIT Game Dev\Year 1 2019-2020\Sem2\Game Dev Workshop 2\March-27-P-Body-\SpriteLib3.0-ExampleProject\ExampleBaseScene.cpp(3940,39): warning C4312:  'type cast': conversion from 'unsigned int' to 'void *' of greater size
C:\Users\Alexander\Desktop\UOIT Game Dev\Year 1 2019-2020\Sem2\Game Dev Workshop 2\March-27-P-Body-\SpriteLib3.0-ExampleProject\ExampleBaseScene.cpp(3980,39): warning C4312:  'type cast': conversion from 'unsigned int' to 'void *' of greater size
C:\Users\Alexander\Desktop\UOIT Game Dev\Year 1 2019-2020\Sem2\Game Dev Workshop 2\March-27-P-Body-\SpriteLib3.0-ExampleProject\ExampleBaseScene.cpp(4020,39): warning C4312:  'type cast': conversion from 'unsigned int' to 'void *' of greater size
C:\Users\Alexander\Desktop\UOIT Game Dev\Year 1 2019-2020\Sem2\Game Dev Workshop 2\March-27-P-Body-\SpriteLib3.0-ExampleProject\ExampleBaseScene.cpp(4060,39): warning C4312:  'type cast': conversion from 'unsigned int' to 'void *' of greater size
C:\Users\Alexander\Desktop\UOIT Game Dev\Year 1 2019-2020\Sem2\Game Dev Workshop 2\March-27-P-Body-\SpriteLib3.0-ExampleProject\ExampleBaseScene.cpp(4100,39): warning C4312:  'type cast': conversion from 'unsigned int' to 'void *' of greater size
C:\Users\Alexander\Desktop\UOIT Game Dev\Year 1 2019-2020\Sem2\Game Dev Workshop 2\March-27-P-Body-\SpriteLib3.0-ExampleProject\ExampleBaseScene.cpp(4140,39): warning C4312:  'type cast': conversion from 'unsigned int' to 'void *' of greater size
C:\Users\Alexander\Desktop\UOIT Game Dev\Year 1 2019-2020\Sem2\Game Dev Workshop 2\March-27-P-Body-\SpriteLib3.0-ExampleProject\ExampleBaseScene.cpp(4180,39): warning C4312:  'type cast': conversion from 'unsigned int' to 'void *' of greater size
C:\Users\Alexander\Desktop\UOIT Game Dev\Year 1 2019-2020\Sem2\Game Dev Workshop 2\March-27-P-Body-\SpriteLib3.0-ExampleProject\ExampleBaseScene.cpp(4220,39): warning C4312:  'type cast': conversion from 'unsigned int' to 'void *' of greater size
C:\Users\Alexander\Desktop\UOIT Game Dev\Year 1 2019-2020\Sem2\Game Dev Workshop 2\March-27-P-Body-\SpriteLib3.0-ExampleProject\ExampleBaseScene.cpp(4260,39): warning C4312:  'type cast': conversion from 'unsigned int' to 'void *' of greater size
C:\Users\Alexander\Desktop\UOIT Game Dev\Year 1 2019-2020\Sem2\Game Dev Workshop 2\March-27-P-Body-\SpriteLib3.0-ExampleProject\ExampleBaseScene.cpp(4300,39): warning C4312:  'type cast': conversion from 'unsigned int' to 'void *' of greater size
C:\Users\Alexander\Desktop\UOIT Game Dev\Year 1 2019-2020\Sem2\Game Dev Workshop 2\March-27-P-Body-\SpriteLib3.0-ExampleProject\ExampleBaseScene.cpp(4340,39): warning C4312:  'type cast': conversion from 'unsigned int' to 'void *' of greater size
C:\Users\Alexander\Desktop\UOIT Game Dev\Year 1 2019-2020\Sem2\Game Dev Workshop 2\March-27-P-Body-\SpriteLib3.0-ExampleProject\ExampleBaseScene.cpp(4380,39): warning C4312:  'type cast': conversion from 'unsigned int' to 'void *' of greater size
C:\Users\Alexander\Desktop\UOIT Game Dev\Year 1 2019-2020\Sem2\Game Dev Workshop 2\March-27-P-Body-\SpriteLib3.0-ExampleProject\ExampleBaseScene.cpp(4420,39): warning C4312:  'type cast': conversion from 'unsigned int' to 'void *' of greater size
C:\Users\Alexander\Desktop\UOIT Game Dev\Year 1 2019-2020\Sem2\Game Dev Workshop 2\March-27-P-Body-\SpriteLib3.0-ExampleProject\ExampleBaseScene.cpp(4460,39): warning C4312:  'type cast': conversion from 'unsigned int' to 'void *' of greater size
C:\Users\Alexander\Desktop\UOIT Game Dev\Year 1 2019-2020\Sem2\Game Dev Workshop 2\March-27-P-Body-\SpriteLib3.0-ExampleProject\ExampleBaseScene.cpp(4500,39): warning C4312:  'type cast': conversion from 'unsigned int' to 'void *' of greater size
C:\Users\Alexander\Desktop\UOIT Game Dev\Year 1 2019-2020\Sem2\Game Dev Workshop 2\March-27-P-Body-\SpriteLib3.0-ExampleProject\ExampleBaseScene.cpp(4540,39): warning C4312:  'type cast': conversion from 'unsigned int' to 'void *' of greater size
C:\Users\Alexander\Desktop\UOIT Game Dev\Year 1 2019-2020\Sem2\Game Dev Workshop 2\March-27-P-Body-\SpriteLib3.0-ExampleProject\ExampleBaseScene.cpp(4580,39): warning C4312:  'type cast': conversion from 'unsigned int' to 'void *' of greater size
C:\Users\Alexander\Desktop\UOIT Game Dev\Year 1 2019-2020\Sem2\Game Dev Workshop 2\March-27-P-Body-\SpriteLib3.0-ExampleProject\ExampleBaseScene.cpp(4620,39): warning C4312:  'type cast': conversion from 'unsigned int' to 'void *' of greater size
C:\Users\Alexander\Desktop\UOIT Game Dev\Year 1 2019-2020\Sem2\Game Dev Workshop 2\March-27-P-Body-\SpriteLib3.0-ExampleProject\ExampleBaseScene.cpp(4660,39): warning C4312:  'type cast': conversion from 'unsigned int' to 'void *' of greater size
C:\Users\Alexander\Desktop\UOIT Game Dev\Year 1 2019-2020\Sem2\Game Dev Workshop 2\March-27-P-Body-\SpriteLib3.0-ExampleProject\ExampleBaseScene.cpp(4700,39): warning C4312:  'type cast': conversion from 'unsigned int' to 'void *' of greater size
C:\Users\Alexander\Desktop\UOIT Game Dev\Year 1 2019-2020\Sem2\Game Dev Workshop 2\March-27-P-Body-\SpriteLib3.0-ExampleProject\ExampleBaseScene.cpp(4740,39): warning C4312:  'type cast': conversion from 'unsigned int' to 'void *' of greater size
C:\Users\Alexander\Desktop\UOIT Game Dev\Year 1 2019-2020\Sem2\Game Dev Workshop 2\March-27-P-Body-\SpriteLib3.0-ExampleProject\ExampleBaseScene.cpp(4780,39): warning C4312:  'type cast': conversion from 'unsigned int' to 'void *' of greater size
C:\Users\Alexander\Desktop\UOIT Game Dev\Year 1 2019-2020\Sem2\Game Dev Workshop 2\March-27-P-Body-\SpriteLib3.0-ExampleProject\ExampleBaseScene.cpp(4820,39): warning C4312:  'type cast': conversion from 'unsigned int' to 'void *' of greater size
C:\Users\Alexander\Desktop\UOIT Game Dev\Year 1 2019-2020\Sem2\Game Dev Workshop 2\March-27-P-Body-\SpriteLib3.0-ExampleProject\ExampleBaseScene.cpp(4860,39): warning C4312:  'type cast': conversion from 'unsigned int' to 'void *' of greater size
C:\Users\Alexander\Desktop\UOIT Game Dev\Year 1 2019-2020\Sem2\Game Dev Workshop 2\March-27-P-Body-\SpriteLib3.0-ExampleProject\ExampleBaseScene.cpp(4900,39): warning C4312:  'type cast': conversion from 'unsigned int' to 'void *' of greater size
C:\Users\Alexander\Desktop\UOIT Game Dev\Year 1 2019-2020\Sem2\Game Dev Workshop 2\March-27-P-Body-\SpriteLib3.0-ExampleProject\ExampleBaseScene.cpp(4940,39): warning C4312:  'type cast': conversion from 'unsigned int' to 'void *' of greater size
C:\Users\Alexander\Desktop\UOIT Game Dev\Year 1 2019-2020\Sem2\Game Dev Workshop 2\March-27-P-Body-\SpriteLib3.0-ExampleProject\ExampleBaseScene.cpp(4980,39): warning C4312:  'type cast': conversion from 'unsigned int' to 'void *' of greater size
C:\Users\Alexander\Desktop\UOIT Game Dev\Year 1 2019-2020\Sem2\Game Dev Workshop 2\March-27-P-Body-\SpriteLib3.0-ExampleProject\ExampleBaseScene.cpp(5025,39): warning C4312:  'type cast': conversion from 'unsigned int' to 'void *' of greater size
C:\Users\Alexander\Desktop\UOIT Game Dev\Year 1 2019-2020\Sem2\Game Dev Workshop 2\March-27-P-Body-\SpriteLib3.0-ExampleProject\ExampleBaseScene.cpp(5066,39): warning C4312:  'type cast': conversion from 'unsigned int' to 'void *' of greater size
C:\Users\Alexander\Desktop\UOIT Game Dev\Year 1 2019-2020\Sem2\Game Dev Workshop 2\March-27-P-Body-\SpriteLib3.0-ExampleProject\ExampleBaseScene.cpp(5107,39): warning C4312:  'type cast': conversion from 'unsigned int' to 'void *' of greater size
C:\Users\Alexander\Desktop\UOIT Game Dev\Year 1 2019-2020\Sem2\Game Dev Workshop 2\March-27-P-Body-\SpriteLib3.0-ExampleProject\ExampleBaseScene.cpp(5152,39): warning C4312:  'type cast': conversion from 'unsigned int' to 'void *' of greater size
C:\Users\Alexander\Desktop\UOIT Game Dev\Year 1 2019-2020\Sem2\Game Dev Workshop 2\March-27-P-Body-\SpriteLib3.0-ExampleProject\ExampleBaseScene.cpp(5192,39): warning C4312:  'type cast': conversion from 'unsigned int' to 'void *' of greater size
C:\Users\Alexander\Desktop\UOIT Game Dev\Year 1 2019-2020\Sem2\Game Dev Workshop 2\March-27-P-Body-\SpriteLib3.0-ExampleProject\ExampleBaseScene.cpp(5232,39): warning C4312:  'type cast': conversion from 'unsigned int' to 'void *' of greater size
C:\Users\Alexander\Desktop\UOIT Game Dev\Year 1 2019-2020\Sem2\Game Dev Workshop 2\March-27-P-Body-\SpriteLib3.0-ExampleProject\ExampleBaseScene.cpp(5272,39): warning C4312:  'type cast': conversion from 'unsigned int' to 'void *' of greater size
C:\Users\Alexander\Desktop\UOIT Game Dev\Year 1 2019-2020\Sem2\Game Dev Workshop 2\March-27-P-Body-\SpriteLib3.0-ExampleProject\ExampleBaseScene.cpp(5312,39): warning C4312:  'type cast': conversion from 'unsigned int' to 'void *' of greater size
C:\Users\Alexander\Desktop\UOIT Game Dev\Year 1 2019-2020\Sem2\Game Dev Workshop 2\March-27-P-Body-\SpriteLib3.0-ExampleProject\ExampleBaseScene.cpp(5352,39): warning C4312:  'type cast': conversion from 'unsigned int' to 'void *' of greater size
C:\Users\Alexander\Desktop\UOIT Game Dev\Year 1 2019-2020\Sem2\Game Dev Workshop 2\March-27-P-Body-\SpriteLib3.0-ExampleProject\ExampleBaseScene.cpp(5392,39): warning C4312:  'type cast': conversion from 'unsigned int' to 'void *' of greater size
C:\Users\Alexander\Desktop\UOIT Game Dev\Year 1 2019-2020\Sem2\Game Dev Workshop 2\March-27-P-Body-\SpriteLib3.0-ExampleProject\ExampleBaseScene.cpp(5537,9): warning C4553:  '==': result of expression not used; did you intend '='?
  SpriteLib3.0-ExampleProject.vcxproj -> C:\Users\Alexander\Desktop\UOIT Game Dev\Year 1 2019-2020\Sem2\Game Dev Workshop 2\March-27-P-Body-\x64\Debug\SpriteLib3.0-ExampleProject.exe
